2023-01-25 10:12:25.691  INFO 12040 --- [restartedMain] c.pws.admin.PwsAdminServiceApplication   : Starting PwsAdminServiceApplication using Java 19.0.1 on Devil-666 with PID 12040 (C:\Users\U S E R\Downloads\Admin-Service-using-JWT-master\Admin-Service-using-JWT-master\target\classes started by U S E R in C:\Users\U S E R\Downloads\Admin-Service-using-JWT-master\Admin-Service-using-JWT-master)
2023-01-25 10:12:25.701  INFO 12040 --- [restartedMain] c.pws.admin.PwsAdminServiceApplication   : No active profile set, falling back to 1 default profile: "default"
2023-01-25 10:12:25.782  INFO 12040 --- [restartedMain] .e.DevToolsPropertyDefaultsPostProcessor : Devtools property defaults active! Set 'spring.devtools.add-properties' to 'false' to disable
2023-01-25 10:12:25.782  INFO 12040 --- [restartedMain] .e.DevToolsPropertyDefaultsPostProcessor : For additional web related logging consider setting the 'logging.level.web' property to 'DEBUG'
2023-01-25 10:12:27.066  INFO 12040 --- [restartedMain] .s.d.r.c.RepositoryConfigurationDelegate : Bootstrapping Spring Data JPA repositories in DEFAULT mode.
2023-01-25 10:12:27.298  INFO 12040 --- [restartedMain] .s.d.r.c.RepositoryConfigurationDelegate : Finished Spring Data repository scanning in 222 ms. Found 6 JPA repository interfaces.
2023-01-25 10:12:28.441  INFO 12040 --- [restartedMain] o.s.b.w.embedded.tomcat.TomcatWebServer  : Tomcat initialized with port(s): 8080 (http)
2023-01-25 10:12:28.460  INFO 12040 --- [restartedMain] o.apache.catalina.core.StandardService   : Starting service [Tomcat]
2023-01-25 10:12:28.461  INFO 12040 --- [restartedMain] org.apache.catalina.core.StandardEngine  : Starting Servlet engine: [Apache Tomcat/9.0.65]
2023-01-25 10:12:28.605  INFO 12040 --- [restartedMain] o.a.c.c.C.[Tomcat].[localhost].[/]       : Initializing Spring embedded WebApplicationContext
2023-01-25 10:12:28.605  INFO 12040 --- [restartedMain] w.s.c.ServletWebServerApplicationContext : Root WebApplicationContext: initialization completed in 2821 ms
2023-01-25 10:12:28.846  INFO 12040 --- [restartedMain] o.hibernate.jpa.internal.util.LogHelper  : HHH000204: Processing PersistenceUnitInfo [name: default]
2023-01-25 10:12:28.931  INFO 12040 --- [restartedMain] org.hibernate.Version                    : HHH000412: Hibernate ORM core version 5.6.10.Final
2023-01-25 10:12:29.139  INFO 12040 --- [restartedMain] o.hibernate.annotations.common.Version   : HCANN000001: Hibernate Commons Annotations {5.1.2.Final}
2023-01-25 10:12:29.260  INFO 12040 --- [restartedMain] com.zaxxer.hikari.HikariDataSource       : HikariPool-1 - Starting...
2023-01-25 10:12:29.651  INFO 12040 --- [restartedMain] com.zaxxer.hikari.HikariDataSource       : HikariPool-1 - Start completed.
2023-01-25 10:12:29.673  INFO 12040 --- [restartedMain] org.hibernate.dialect.Dialect            : HHH000400: Using dialect: org.hibernate.dialect.MySQL5Dialect
2023-01-25 10:12:30.905  INFO 12040 --- [restartedMain] o.h.e.t.j.p.i.JtaPlatformInitiator       : HHH000490: Using JtaPlatform implementation: [org.hibernate.engine.transaction.jta.platform.internal.NoJtaPlatform]
2023-01-25 10:12:30.912  INFO 12040 --- [restartedMain] j.LocalContainerEntityManagerFactoryBean : Initialized JPA EntityManagerFactory for persistence unit 'default'
2023-01-25 10:12:31.664  WARN 12040 --- [restartedMain] JpaBaseConfiguration$JpaWebConfiguration : spring.jpa.open-in-view is enabled by default. Therefore, database queries may be performed during view rendering. Explicitly configure spring.jpa.open-in-view to disable this warning
2023-01-25 10:12:32.074  INFO 12040 --- [restartedMain] o.s.s.web.DefaultSecurityFilterChain     : Will secure any request with [org.springframework.security.web.session.DisableEncodeUrlFilter@34fdfcf0, org.springframework.security.web.context.request.async.WebAsyncManagerIntegrationFilter@61a47a5, org.springframework.security.web.context.SecurityContextPersistenceFilter@390ee106, org.springframework.security.web.header.HeaderWriterFilter@282ea8cf, org.springframework.security.web.authentication.logout.LogoutFilter@4d722e96, com.pws.admin.security.jwt.config.JwtFilter@1301287, org.springframework.security.web.savedrequest.RequestCacheAwareFilter@14a5b324, org.springframework.security.web.servletapi.SecurityContextHolderAwareRequestFilter@1ac2c2e9, org.springframework.security.web.authentication.AnonymousAuthenticationFilter@2b83c276, org.springframework.security.web.session.SessionManagementFilter@53ee70d, org.springframework.security.web.access.ExceptionTranslationFilter@33ef0bc5, org.springframework.security.web.access.intercept.FilterSecurityInterceptor@1eec2c90]
2023-01-25 10:12:33.503  WARN 12040 --- [restartedMain] o.s.b.d.a.OptionalLiveReloadServer       : Unable to start LiveReload server
2023-01-25 10:12:33.556  INFO 12040 --- [restartedMain] o.s.b.w.embedded.tomcat.TomcatWebServer  : Tomcat started on port(s): 8080 (http) with context path ''
2023-01-25 10:12:33.573  INFO 12040 --- [restartedMain] c.pws.admin.PwsAdminServiceApplication   : Started PwsAdminServiceApplication in 8.467 seconds (JVM running for 9.286)
2023-01-25 11:30:45.430  INFO 12040 --- [SpringApplicationShutdownHook] j.LocalContainerEntityManagerFactoryBean : Closing JPA EntityManagerFactory for persistence unit 'default'
2023-01-25 11:30:45.435  INFO 12040 --- [SpringApplicationShutdownHook] com.zaxxer.hikari.HikariDataSource       : HikariPool-1 - Shutdown initiated...
2023-01-25 11:30:45.446  INFO 12040 --- [SpringApplicationShutdownHook] com.zaxxer.hikari.HikariDataSource       : HikariPool-1 - Shutdown completed.
2023-01-25 11:30:50.371  INFO 10864 --- [restartedMain] c.pws.admin.PwsAdminServiceApplication   : Starting PwsAdminServiceApplication using Java 19.0.1 on Devil-666 with PID 10864 (C:\Users\U S E R\Downloads\Admin-Service-using-JWT-master\Admin-Service-using-JWT-master\target\classes started by U S E R in C:\Users\U S E R\Downloads\Admin-Service-using-JWT-master\Admin-Service-using-JWT-master)
2023-01-25 11:30:50.373  INFO 10864 --- [restartedMain] c.pws.admin.PwsAdminServiceApplication   : No active profile set, falling back to 1 default profile: "default"
2023-01-25 11:30:50.453  INFO 10864 --- [restartedMain] .e.DevToolsPropertyDefaultsPostProcessor : Devtools property defaults active! Set 'spring.devtools.add-properties' to 'false' to disable
2023-01-25 11:30:50.453  INFO 10864 --- [restartedMain] .e.DevToolsPropertyDefaultsPostProcessor : For additional web related logging consider setting the 'logging.level.web' property to 'DEBUG'
2023-01-25 11:30:51.720  INFO 10864 --- [restartedMain] .s.d.r.c.RepositoryConfigurationDelegate : Bootstrapping Spring Data JPA repositories in DEFAULT mode.
2023-01-25 11:30:51.911  INFO 10864 --- [restartedMain] .s.d.r.c.RepositoryConfigurationDelegate : Finished Spring Data repository scanning in 183 ms. Found 6 JPA repository interfaces.
2023-01-25 11:30:52.863  INFO 10864 --- [restartedMain] o.s.b.w.embedded.tomcat.TomcatWebServer  : Tomcat initialized with port(s): 8080 (http)
2023-01-25 11:30:52.883  INFO 10864 --- [restartedMain] o.apache.catalina.core.StandardService   : Starting service [Tomcat]
2023-01-25 11:30:52.884  INFO 10864 --- [restartedMain] org.apache.catalina.core.StandardEngine  : Starting Servlet engine: [Apache Tomcat/9.0.65]
2023-01-25 11:30:53.028  INFO 10864 --- [restartedMain] o.a.c.c.C.[Tomcat].[localhost].[/]       : Initializing Spring embedded WebApplicationContext
2023-01-25 11:30:53.029  INFO 10864 --- [restartedMain] w.s.c.ServletWebServerApplicationContext : Root WebApplicationContext: initialization completed in 2575 ms
2023-01-25 11:30:53.265  INFO 10864 --- [restartedMain] o.hibernate.jpa.internal.util.LogHelper  : HHH000204: Processing PersistenceUnitInfo [name: default]
2023-01-25 11:30:53.342  INFO 10864 --- [restartedMain] org.hibernate.Version                    : HHH000412: Hibernate ORM core version 5.6.10.Final
2023-01-25 11:30:53.551  INFO 10864 --- [restartedMain] o.hibernate.annotations.common.Version   : HCANN000001: Hibernate Commons Annotations {5.1.2.Final}
2023-01-25 11:30:53.680  INFO 10864 --- [restartedMain] com.zaxxer.hikari.HikariDataSource       : HikariPool-1 - Starting...
2023-01-25 11:30:54.030  INFO 10864 --- [restartedMain] com.zaxxer.hikari.HikariDataSource       : HikariPool-1 - Start completed.
2023-01-25 11:30:54.059  INFO 10864 --- [restartedMain] org.hibernate.dialect.Dialect            : HHH000400: Using dialect: org.hibernate.dialect.MySQL5Dialect
2023-01-25 11:30:55.081  INFO 10864 --- [restartedMain] o.h.e.t.j.p.i.JtaPlatformInitiator       : HHH000490: Using JtaPlatform implementation: [org.hibernate.engine.transaction.jta.platform.internal.NoJtaPlatform]
2023-01-25 11:30:55.089  INFO 10864 --- [restartedMain] j.LocalContainerEntityManagerFactoryBean : Initialized JPA EntityManagerFactory for persistence unit 'default'
2023-01-25 11:30:55.818  WARN 10864 --- [restartedMain] JpaBaseConfiguration$JpaWebConfiguration : spring.jpa.open-in-view is enabled by default. Therefore, database queries may be performed during view rendering. Explicitly configure spring.jpa.open-in-view to disable this warning
2023-01-25 11:30:56.192  INFO 10864 --- [restartedMain] o.s.s.web.DefaultSecurityFilterChain     : Will secure any request with [org.springframework.security.web.session.DisableEncodeUrlFilter@371da661, org.springframework.security.web.context.request.async.WebAsyncManagerIntegrationFilter@1a07cf84, org.springframework.security.web.context.SecurityContextPersistenceFilter@4fce1547, org.springframework.security.web.header.HeaderWriterFilter@48f3cc65, org.springframework.security.web.authentication.logout.LogoutFilter@6c4de607, com.pws.admin.security.jwt.config.JwtFilter@73fbdd68, org.springframework.security.web.savedrequest.RequestCacheAwareFilter@2a2f6eda, org.springframework.security.web.servletapi.SecurityContextHolderAwareRequestFilter@6814c5d0, org.springframework.security.web.authentication.AnonymousAuthenticationFilter@2998a42e, org.springframework.security.web.session.SessionManagementFilter@131d2065, org.springframework.security.web.access.ExceptionTranslationFilter@3ffe33b6, org.springframework.security.web.access.intercept.FilterSecurityInterceptor@bfa3de7]
2023-01-25 11:30:57.307  WARN 10864 --- [restartedMain] o.s.b.d.a.OptionalLiveReloadServer       : Unable to start LiveReload server
2023-01-25 11:30:57.357  INFO 10864 --- [restartedMain] o.s.b.w.embedded.tomcat.TomcatWebServer  : Tomcat started on port(s): 8080 (http) with context path ''
2023-01-25 11:30:57.373  INFO 10864 --- [restartedMain] c.pws.admin.PwsAdminServiceApplication   : Started PwsAdminServiceApplication in 7.606 seconds (JVM running for 8.281)
2023-01-25 11:31:21.528  INFO 10864 --- [http-nio-8080-exec-2] o.a.c.c.C.[Tomcat].[localhost].[/]       : Initializing Spring DispatcherServlet 'dispatcherServlet'
2023-01-25 11:31:21.528  INFO 10864 --- [http-nio-8080-exec-2] o.s.web.servlet.DispatcherServlet        : Initializing Servlet 'dispatcherServlet'
2023-01-25 11:31:21.529  INFO 10864 --- [http-nio-8080-exec-2] o.s.web.servlet.DispatcherServlet        : Completed initialization in 1 ms
2023-01-25 11:31:22.441  INFO 10864 --- [http-nio-8080-exec-6] o.springdoc.api.AbstractOpenApiResource  : Init duration for springdoc-openapi is: 530 ms
2023-01-25 12:38:51.325  WARN 10864 --- [HikariPool-1 housekeeper] com.zaxxer.hikari.pool.HikariPool        : HikariPool-1 - Thread starvation or clock leap detected (housekeeper delta=2m28s529ms682µs800ns).
2023-01-25 14:32:02.212  WARN 10864 --- [HikariPool-1 housekeeper] com.zaxxer.hikari.pool.HikariPool        : HikariPool-1 - Thread starvation or clock leap detected (housekeeper delta=40m39s905ms440µs401ns).
